111111111111111111111111111111111111101011111111111111111111
111111111111111111111111111111111111100111111111111111111111
111111111111111111111111111111111110000011111111111111111111
111111111111111111111111111111111110000001111111111111111111
111111111111111111111111111111111110000001111111111111111111
111111111111111111111111111100010000000000001110111111111111
111111111111111111111111111100000000000000000000011111111111
111111111111111111111111111100000000000000000000111111111111
111111111111111111111111110000000000000000000000111111111111
111111111111111011111111110000000000000000000000101111111111
111111111111111000100111100000000000000000000000001111111111
111111111111111100000000000000000000000000000000011111111111
111111111111111000000000000000000000000000000000011111111111
111111111111010000000000000000000000000000000000011111111111
111111111111000000000000000000000000000000000000111111111111
100000000000000000000000000000000000000000000001111111111111
111111111111000000000000000000000000000000000000111111111111
111111111111010000000000000000000000000000000000011111111111
111111111111111000000000000000000000000000000000011111111111
111111111111111100000000000000000000000000000000011111111111
111111111111111000100111100000000000000000000000001111111111
111111111111111011111111110000000000000000000000101111111111
111111111111111111111111110000000000000000000000111111111111
111111111111111111111111111100000000000000000000111111111111
111111111111111111111111111100000000000000000000011111111111
111111111111111111111111111100010000000000001110111111111111
111111111111111111111111111111111110000001111111111111111111
111111111111111111111111111111111110000001111111111111111111
111111111111111111111111111111111110000011111111111111111111
111111111111111111111111111111111111100111111111111111111111
